2025-11-24 14:48:44,185 [INFO] 🚀 ec_api.py has started successfully (with file logging).
2025-11-24 14:48:44,552 [INFO] [31m[1mWARNING: This is a development server. Do not use it in a production deployment. Use a production WSGI server instead.[0m
 * Running on all addresses (0.0.0.0)
 * Running on http://127.0.0.1:4090
 * Running on http://192.168.86.23:4090
2025-11-24 14:48:44,553 [INFO] [33mPress CTRL+C to quit[0m
2025-11-24 14:48:44,556 [INFO]  * Restarting with stat
2025-11-24 14:48:46,483 [INFO] 🚀 ec_api.py has started successfully (with file logging).
2025-11-24 14:48:46,556 [WARNING]  * Debugger is active!
2025-11-24 14:48:46,585 [INFO]  * Debugger PIN: 317-871-169
2025-11-24 14:49:06,264 [INFO] 127.0.0.1 - - [24/Nov/2025 14:49:06] "GET /api/v1/circles/110-000002 HTTP/1.1" 200 -
2025-11-24 14:55:58,269 [INFO]  * Detected change in '/Users/pmarathay/code/Every-Circle-Backend/circles.py', reloading
2025-11-24 14:55:58,898 [INFO]  * Restarting with stat
2025-11-24 14:56:00,520 [INFO] 🚀 ec_api.py has started successfully (with file logging).
2025-11-24 14:56:00,774 [WARNING]  * Debugger is active!
2025-11-24 14:56:00,800 [INFO]  * Debugger PIN: 317-871-169
2025-11-24 14:56:06,963 [INFO]  * Detected change in '/Users/pmarathay/code/Every-Circle-Backend/circles.py', reloading
2025-11-24 14:56:07,256 [INFO]  * Restarting with stat
2025-11-24 14:56:08,981 [INFO] 🚀 ec_api.py has started successfully (with file logging).
2025-11-24 14:56:09,051 [WARNING]  * Debugger is active!
2025-11-24 14:56:09,064 [INFO]  * Debugger PIN: 317-871-169
2025-11-24 14:57:58,445 [INFO]  * Detected change in '/Users/pmarathay/code/Every-Circle-Backend/circles.py', reloading
2025-11-24 14:57:59,006 [INFO]  * Restarting with stat
2025-11-24 14:58:01,028 [INFO] 🚀 ec_api.py has started successfully (with file logging).
2025-11-24 14:58:01,108 [WARNING]  * Debugger is active!
2025-11-24 14:58:01,139 [INFO]  * Debugger PIN: 317-871-169
2025-11-24 14:58:33,930 [INFO] 127.0.0.1 - - [24/Nov/2025 14:58:33] "GET /api/v1/circles/110-000002?circle_related_person_id=110-000003 HTTP/1.1" 200 -
